 Animation data dumped out at time   20.7365824937820      vortanimout_           1 .datat step=          66
 Animation data dumped out at time   40.7636558268219      vortanimout_           2 .datat step=          79
 Animation data dumped out at time   61.2272866167128      vortanimout_           3 .datat step=          88
 Animation data dumped out at time   81.6909174066037      vortanimout_           4 .datat step=          97
 Animation data dumped out at time   20.7365824937820      vortanimout_           1 .datat step=          66
 Animation data dumped out at time   40.7636558268219      vortanimout_           2 .datat step=          79
 Animation data dumped out at time   61.2272866167128      vortanimout_           3 .datat step=          88
 Animation data dumped out at time   81.6909174066037      vortanimout_           4 .datat step=          97
 Animation data dumped out at time   102.154548196495      vortanimout_           5 .datat step=         106
 Animation data dumped out at time   122.618178986385      vortanimout_           6 .datat step=         115
 Animation data dumped out at time   143.081809776276      vortanimout_           7 .datat step=         124
 Animation data dumped out at time   163.545440566167      vortanimout_           8 .datat step=         133
 Animation data dumped out at time   184.009071356058      vortanimout_           9 .datat step=         142
 Animation data dumped out at time   204.472702145949      vortanimout_          10 .datat step=         151
 Animation data dumped out at time   224.936332935840      vortanimout_          11 .datat step=         160
 Animation data dumped out at time   245.399963725731      vortanimout_          12 .datat step=         169
 Animation data dumped out at time   265.863594515622      vortanimout_          13 .datat step=         178
 Animation data dumped out at time   285.872477954626      vortanimout_          14 .datat step=         189
 Animation data dumped out at time   305.881361393631      vortanimout_          15 .datat step=         200
 Animation data dumped out at time   325.890244832635      vortanimout_          16 .datat step=         211
 Animation data dumped out at time   345.899128271639      vortanimout_          17 .datat step=         224
 Animation data dumped out at time   366.271809591353      vortanimout_          18 .datat step=         238
 Animation data dumped out at time   386.644490911067      vortanimout_          19 .datat step=         252
 Animation data dumped out at time   407.017172230780      vortanimout_          20 .datat step=         266
 Animation data dumped out at time   427.971930159628      vortanimout_          21 .datat step=         283
 Animation data dumped out at time   448.926688088477      vortanimout_          22 .datat step=         301
 Animation data dumped out at time   469.881446017325      vortanimout_          23 .datat step=         319
 Animation data dumped out at time   490.836203946173      vortanimout_          24 .datat step=         337
 Animation data dumped out at time   511.790961875021      vortanimout_          25 .datat step=         355
 Animation data dumped out at time   532.047227872908      vortanimout_          26 .datat step=         376
 Animation data dumped out at time   552.536324514449      vortanimout_          27 .datat step=         398
 Animation data dumped out at time   1.10000000000000      vortanimout_           1 .datat step=          12
 Animation data dumped out at time   1.10000000000000      vortanimout_           1 .datat step=          12
 Animation data dumped out at time   2.10000000000000      vortanimout_           2 .datat step=          22
 Animation data dumped out at time   3.19375000000000      vortanimout_           3 .datat step=          30
 Animation data dumped out at time   4.37539062500000      vortanimout_           4 .datat step=          36
 Animation data dumped out at time   5.65712890625000      vortanimout_           5 .datat step=          41
 Animation data dumped out at time   6.95412597656250      vortanimout_           6 .datat step=          45
 Animation data dumped out at time   8.09853515625000      vortanimout_           7 .datat step=          48
 Animation data dumped out at time   9.52904663085938      vortanimout_           8 .datat step=          51
 Animation data dumped out at time   11.0787673950195      vortanimout_           9 .datat step=          54
 Animation data dumped out at time   12.2708602905273      vortanimout_          10 .datat step=          56
 Animation data dumped out at time   13.6119647979736      vortanimout_          11 .datat step=          58
 Animation data dumped out at time   15.1020809173584      vortanimout_          12 .datat step=          60
 Animation data dumped out at time   16.7784615516663      vortanimout_          13 .datat step=          62
 Animation data dumped out at time   18.6411067008972      vortanimout_          14 .datat step=          64
 Animation data dumped out at time   20.7365824937820      vortanimout_          15 .datat step=          66
 Animation data dumped out at time   21.9007357120514      vortanimout_          16 .datat step=          67
 Animation data dumped out at time   23.0648889303207      vortanimout_          17 .datat step=          68
 Animation data dumped out at time   24.2290421485901      vortanimout_          18 .datat step=          69
 Animation data dumped out at time   25.3931953668594      vortanimout_          19 .datat step=          70
 Animation data dumped out at time   26.8483868896961      vortanimout_          20 .datat step=          71
 Animation data dumped out at time   28.3035784125328      vortanimout_          21 .datat step=          72
 Animation data dumped out at time   29.7587699353695      vortanimout_          22 .datat step=          73
 Animation data dumped out at time   31.2139614582062      vortanimout_          23 .datat step=          74
 Animation data dumped out at time   33.0329508617520      vortanimout_          24 .datat step=          75
 Animation data dumped out at time   34.8519402652979      vortanimout_          25 .datat step=          76
 Animation data dumped out at time   36.6709296688437      vortanimout_          26 .datat step=          77
 Animation data dumped out at time   38.4899190723896      vortanimout_          27 .datat step=          78
 Animation data dumped out at time   40.7636558268219      vortanimout_          28 .datat step=          79
 Animation data dumped out at time   43.0373925812542      vortanimout_          29 .datat step=          80
 Animation data dumped out at time   45.3111293356866      vortanimout_          30 .datat step=          81
 Animation data dumped out at time   47.5848660901189      vortanimout_          31 .datat step=          82
 Animation data dumped out at time   49.8586028445512      vortanimout_          32 .datat step=          83
 Animation data dumped out at time   52.1323395989835      vortanimout_          33 .datat step=          84
 Animation data dumped out at time   54.4060763534158      vortanimout_          34 .datat step=          85
 Animation data dumped out at time   56.6798131078482      vortanimout_          35 .datat step=          86
 Animation data dumped out at time   58.9535498622805      vortanimout_          36 .datat step=          87
 Animation data dumped out at time   61.2272866167128      vortanimout_          37 .datat step=          88
 Animation data dumped out at time   63.5010233711451      vortanimout_          38 .datat step=          89
 Animation data dumped out at time   65.7747601255774      vortanimout_          39 .datat step=          90
 Animation data dumped out at time   68.0484968800098      vortanimout_          40 .datat step=          91
 Animation data dumped out at time   70.3222336344421      vortanimout_          41 .datat step=          92
 Animation data dumped out at time   72.5959703888744      vortanimout_          42 .datat step=          93
 Animation data dumped out at time   74.8697071433067      vortanimout_          43 .datat step=          94
 Animation data dumped out at time   77.1434438977390      vortanimout_          44 .datat step=          95
 Animation data dumped out at time   79.4171806521714      vortanimout_          45 .datat step=          96
 Animation data dumped out at time   81.6909174066037      vortanimout_          46 .datat step=          97
 Animation data dumped out at time   83.9646541610360      vortanimout_          47 .datat step=          98
 Animation data dumped out at time   86.2383909154683      vortanimout_          48 .datat step=          99
 Animation data dumped out at time   88.5121276699007      vortanimout_          49 .datat step=         100
 Animation data dumped out at time   90.7858644243330      vortanimout_          50 .datat step=         101
 Animation data dumped out at time   93.0596011787653      vortanimout_          51 .datat step=         102
 Animation data dumped out at time   95.3333379331976      vortanimout_          52 .datat step=         103
 Animation data dumped out at time   97.6070746876299      vortanimout_          53 .datat step=         104
 Animation data dumped out at time   99.8808114420623      vortanimout_          54 .datat step=         105
 Animation data dumped out at time   102.154548196495      vortanimout_          55 .datat step=         106
 Animation data dumped out at time   104.428284950927      vortanimout_          56 .datat step=         107
 Animation data dumped out at time   106.702021705359      vortanimout_          57 .datat step=         108
 Animation data dumped out at time   108.975758459792      vortanimout_          58 .datat step=         109
 Animation data dumped out at time   111.249495214224      vortanimout_          59 .datat step=         110
 Animation data dumped out at time   113.523231968656      vortanimout_          60 .datat step=         111
 Animation data dumped out at time   115.796968723088      vortanimout_          61 .datat step=         112
 Animation data dumped out at time   118.070705477521      vortanimout_          62 .datat step=         113
 Animation data dumped out at time   120.344442231953      vortanimout_          63 .datat step=         114
 Animation data dumped out at time   122.618178986385      vortanimout_          64 .datat step=         115
 Animation data dumped out at time   124.891915740818      vortanimout_          65 .datat step=         116
 Animation data dumped out at time   127.165652495250      vortanimout_          66 .datat step=         117
 Animation data dumped out at time   129.439389249682      vortanimout_          67 .datat step=         118
 Animation data dumped out at time   131.713126004115      vortanimout_          68 .datat step=         119
 Animation data dumped out at time   133.986862758547      vortanimout_          69 .datat step=         120
 Animation data dumped out at time   136.260599512979      vortanimout_          70 .datat step=         121
 Animation data dumped out at time   138.534336267412      vortanimout_          71 .datat step=         122
 Animation data dumped out at time   140.808073021844      vortanimout_          72 .datat step=         123
 Animation data dumped out at time   143.081809776276      vortanimout_          73 .datat step=         124
 Animation data dumped out at time   145.355546530709      vortanimout_          74 .datat step=         125
 Animation data dumped out at time   147.629283285141      vortanimout_          75 .datat step=         126
 Animation data dumped out at time   149.903020039573      vortanimout_          76 .datat step=         127
 Animation data dumped out at time   152.176756794006      vortanimout_          77 .datat step=         128
 Animation data dumped out at time   154.450493548438      vortanimout_          78 .datat step=         129
 Animation data dumped out at time   156.724230302870      vortanimout_          79 .datat step=         130
 Animation data dumped out at time   158.997967057303      vortanimout_          80 .datat step=         131
 Animation data dumped out at time   161.271703811735      vortanimout_          81 .datat step=         132
 Animation data dumped out at time   163.545440566167      vortanimout_          82 .datat step=         133
 Animation data dumped out at time   165.819177320600      vortanimout_          83 .datat step=         134
 Animation data dumped out at time   168.092914075032      vortanimout_          84 .datat step=         135
 Animation data dumped out at time   170.366650829464      vortanimout_          85 .datat step=         136
 Animation data dumped out at time   172.640387583897      vortanimout_          86 .datat step=         137
 Animation data dumped out at time   174.914124338329      vortanimout_          87 .datat step=         138
 Animation data dumped out at time   177.187861092761      vortanimout_          88 .datat step=         139
 Animation data dumped out at time   179.461597847193      vortanimout_          89 .datat step=         140
 Animation data dumped out at time   181.735334601626      vortanimout_          90 .datat step=         141
 Animation data dumped out at time   184.009071356058      vortanimout_          91 .datat step=         142
 Animation data dumped out at time   186.282808110490      vortanimout_          92 .datat step=         143
 Animation data dumped out at time   188.556544864923      vortanimout_          93 .datat step=         144
 Animation data dumped out at time   190.830281619355      vortanimout_          94 .datat step=         145
 Animation data dumped out at time   193.104018373787      vortanimout_          95 .datat step=         146
 Animation data dumped out at time   195.377755128220      vortanimout_          96 .datat step=         147
 Animation data dumped out at time   197.651491882652      vortanimout_          97 .datat step=         148
 Animation data dumped out at time   199.925228637084      vortanimout_          98 .datat step=         149
 Animation data dumped out at time   202.198965391517      vortanimout_          99 .datat step=         150
 Animation data dumped out at time   204.472702145949      vortanimout_         100 .datat step=         151
 Animation data dumped out at time   206.746438900381      vortanimout_         101 .datat step=         152
 Animation data dumped out at time   209.020175654814      vortanimout_         102 .datat step=         153
 Animation data dumped out at time   211.293912409246      vortanimout_         103 .datat step=         154
 Animation data dumped out at time   213.567649163678      vortanimout_         104 .datat step=         155
 Animation data dumped out at time   215.841385918111      vortanimout_         105 .datat step=         156
 Animation data dumped out at time   218.115122672543      vortanimout_         106 .datat step=         157
 Animation data dumped out at time   220.388859426975      vortanimout_         107 .datat step=         158
 Animation data dumped out at time   222.662596181408      vortanimout_         108 .datat step=         159
 Animation data dumped out at time   224.936332935840      vortanimout_         109 .datat step=         160
 Animation data dumped out at time   227.210069690272      vortanimout_         110 .datat step=         161
 Animation data dumped out at time   229.483806444705      vortanimout_         111 .datat step=         162
 Animation data dumped out at time   231.757543199137      vortanimout_         112 .datat step=         163
 Animation data dumped out at time   234.031279953569      vortanimout_         113 .datat step=         164
 Animation data dumped out at time   236.305016708001      vortanimout_         114 .datat step=         165
 Animation data dumped out at time   238.578753462434      vortanimout_         115 .datat step=         166
 Animation data dumped out at time   240.852490216866      vortanimout_         116 .datat step=         167
 Animation data dumped out at time   243.126226971298      vortanimout_         117 .datat step=         168
 Animation data dumped out at time   245.399963725731      vortanimout_         118 .datat step=         169
 Animation data dumped out at time   247.673700480163      vortanimout_         119 .datat step=         170
 Animation data dumped out at time   249.947437234595      vortanimout_         120 .datat step=         171
 Animation data dumped out at time   252.221173989028      vortanimout_         121 .datat step=         172
 Animation data dumped out at time   254.494910743460      vortanimout_         122 .datat step=         173
 Animation data dumped out at time   256.768647497892      vortanimout_         123 .datat step=         174
 Animation data dumped out at time   259.042384252325      vortanimout_         124 .datat step=         175
 Animation data dumped out at time   261.316121006757      vortanimout_         125 .datat step=         176
 Animation data dumped out at time   263.589857761189      vortanimout_         126 .datat step=         177
 Animation data dumped out at time   265.863594515622      vortanimout_         127 .datat step=         178
 Animation data dumped out at time   267.682583919168      vortanimout_         128 .datat step=         179
 Animation data dumped out at time   269.501573322713      vortanimout_         129 .datat step=         180
 Animation data dumped out at time   271.320562726259      vortanimout_         130 .datat step=         181
 Animation data dumped out at time   273.139552129805      vortanimout_         131 .datat step=         182
 Animation data dumped out at time   274.958541533351      vortanimout_         132 .datat step=         183
 Animation data dumped out at time   276.777530936897      vortanimout_         133 .datat step=         184
 Animation data dumped out at time   278.596520340443      vortanimout_         134 .datat step=         185
 Animation data dumped out at time   280.415509743989      vortanimout_         135 .datat step=         186
 Animation data dumped out at time   282.234499147534      vortanimout_         136 .datat step=         187
 Animation data dumped out at time   284.053488551080      vortanimout_         137 .datat step=         188
 Animation data dumped out at time   285.872477954626      vortanimout_         138 .datat step=         189
 Animation data dumped out at time   287.691467358172      vortanimout_         139 .datat step=         190
 Animation data dumped out at time   289.510456761718      vortanimout_         140 .datat step=         191
 Animation data dumped out at time   291.329446165264      vortanimout_         141 .datat step=         192
 Animation data dumped out at time   293.148435568810      vortanimout_         142 .datat step=         193
 Animation data dumped out at time   294.967424972355      vortanimout_         143 .datat step=         194
 Animation data dumped out at time   296.786414375901      vortanimout_         144 .datat step=         195
 Animation data dumped out at time   298.605403779447      vortanimout_         145 .datat step=         196
 Animation data dumped out at time   300.424393182993      vortanimout_         146 .datat step=         197
 Animation data dumped out at time   302.243382586539      vortanimout_         147 .datat step=         198
 Animation data dumped out at time   304.062371990085      vortanimout_         148 .datat step=         199
 Animation data dumped out at time   305.881361393631      vortanimout_         149 .datat step=         200
 Animation data dumped out at time   307.700350797176      vortanimout_         150 .datat step=         201
 Animation data dumped out at time   309.519340200722      vortanimout_         151 .datat step=         202
 Animation data dumped out at time   311.338329604268      vortanimout_         152 .datat step=         203
 Animation data dumped out at time   313.157319007814      vortanimout_         153 .datat step=         204
 Animation data dumped out at time   314.976308411360      vortanimout_         154 .datat step=         205
 Animation data dumped out at time   316.795297814906      vortanimout_         155 .datat step=         206
 Animation data dumped out at time   318.614287218452      vortanimout_         156 .datat step=         207
 Animation data dumped out at time   320.433276621997      vortanimout_         157 .datat step=         208
 Animation data dumped out at time   322.252266025543      vortanimout_         158 .datat step=         209
 Animation data dumped out at time   324.071255429089      vortanimout_         159 .datat step=         210
 Animation data dumped out at time   325.890244832635      vortanimout_         160 .datat step=         211
 Animation data dumped out at time   327.709234236181      vortanimout_         161 .datat step=         212
 Animation data dumped out at time   329.528223639727      vortanimout_         162 .datat step=         213
 Animation data dumped out at time   331.347213043273      vortanimout_         163 .datat step=         214
 Animation data dumped out at time   332.802404566109      vortanimout_         164 .datat step=         215
 Animation data dumped out at time   334.257596088946      vortanimout_         165 .datat step=         216
 Animation data dumped out at time   335.712787611783      vortanimout_         166 .datat step=         217
 Animation data dumped out at time   337.167979134619      vortanimout_         167 .datat step=         218
 Animation data dumped out at time   338.623170657456      vortanimout_         168 .datat step=         219
 Animation data dumped out at time   340.078362180293      vortanimout_         169 .datat step=         220
 Animation data dumped out at time   341.533553703129      vortanimout_         170 .datat step=         221
 Animation data dumped out at time   342.988745225966      vortanimout_         171 .datat step=         222
 Animation data dumped out at time   344.443936748803      vortanimout_         172 .datat step=         223
 Animation data dumped out at time   345.899128271639      vortanimout_         173 .datat step=         224
 Animation data dumped out at time   347.354319794476      vortanimout_         174 .datat step=         225
 Animation data dumped out at time   348.809511317313      vortanimout_         175 .datat step=         226
 Animation data dumped out at time   350.264702840149      vortanimout_         176 .datat step=         227
 Animation data dumped out at time   351.719894362986      vortanimout_         177 .datat step=         228
 Animation data dumped out at time   353.175085885823      vortanimout_         178 .datat step=         229
 Animation data dumped out at time   354.630277408659      vortanimout_         179 .datat step=         230
 Animation data dumped out at time   356.085468931496      vortanimout_         180 .datat step=         231
 Animation data dumped out at time   357.540660454333      vortanimout_         181 .datat step=         232
 Animation data dumped out at time   358.995851977170      vortanimout_         182 .datat step=         233
 Animation data dumped out at time   360.451043500006      vortanimout_         183 .datat step=         234
 Animation data dumped out at time   361.906235022843      vortanimout_         184 .datat step=         235
 Animation data dumped out at time   363.361426545680      vortanimout_         185 .datat step=         236
 Animation data dumped out at time   364.816618068516      vortanimout_         186 .datat step=         237
 Animation data dumped out at time   366.271809591353      vortanimout_         187 .datat step=         238
 Animation data dumped out at time   367.727001114190      vortanimout_         188 .datat step=         239
 Animation data dumped out at time   369.182192637026      vortanimout_         189 .datat step=         240
 Animation data dumped out at time   370.637384159863      vortanimout_         190 .datat step=         241
 Animation data dumped out at time   372.092575682700      vortanimout_         191 .datat step=         242
 Animation data dumped out at time   373.547767205536      vortanimout_         192 .datat step=         243
 Animation data dumped out at time   375.002958728373      vortanimout_         193 .datat step=         244
 Animation data dumped out at time   376.458150251210      vortanimout_         194 .datat step=         245
 Animation data dumped out at time   377.913341774046      vortanimout_         195 .datat step=         246
 Animation data dumped out at time   379.368533296883      vortanimout_         196 .datat step=         247
 Animation data dumped out at time   380.823724819720      vortanimout_         197 .datat step=         248
 Animation data dumped out at time   382.278916342556      vortanimout_         198 .datat step=         249
 Animation data dumped out at time   383.734107865393      vortanimout_         199 .datat step=         250
 Animation data dumped out at time   385.189299388230      vortanimout_         200 .datat step=         251
 Animation data dumped out at time   386.644490911067      vortanimout_         201 .datat step=         252
 Animation data dumped out at time   388.099682433903      vortanimout_         202 .datat step=         253
 Animation data dumped out at time   389.554873956740      vortanimout_         203 .datat step=         254
 Animation data dumped out at time   391.010065479577      vortanimout_         204 .datat step=         255
 Animation data dumped out at time   392.465257002413      vortanimout_         205 .datat step=         256
 Animation data dumped out at time   393.920448525250      vortanimout_         206 .datat step=         257
 Animation data dumped out at time   395.375640048087      vortanimout_         207 .datat step=         258
 Animation data dumped out at time   396.830831570923      vortanimout_         208 .datat step=         259
 Animation data dumped out at time   398.286023093760      vortanimout_         209 .datat step=         260
 Animation data dumped out at time   399.741214616597      vortanimout_         210 .datat step=         261
 Animation data dumped out at time   401.196406139433      vortanimout_         211 .datat step=         262
 Animation data dumped out at time   402.651597662270      vortanimout_         212 .datat step=         263
 Animation data dumped out at time   404.106789185107      vortanimout_         213 .datat step=         264
 Animation data dumped out at time   405.561980707943      vortanimout_         214 .datat step=         265
 Animation data dumped out at time   407.017172230780      vortanimout_         215 .datat step=         266
 Animation data dumped out at time   408.472363753617      vortanimout_         216 .datat step=         267
 Animation data dumped out at time   409.927555276454      vortanimout_         217 .datat step=         268
 Animation data dumped out at time   411.382746799290      vortanimout_         218 .datat step=         269
 Animation data dumped out at time   412.837938322127      vortanimout_         219 .datat step=         270
 Animation data dumped out at time   414.002091540396      vortanimout_         220 .datat step=         271
 Animation data dumped out at time   415.166244758666      vortanimout_         221 .datat step=         272
 Animation data dumped out at time   416.330397976935      vortanimout_         222 .datat step=         273
 Animation data dumped out at time   417.494551195204      vortanimout_         223 .datat step=         274
 Animation data dumped out at time   418.658704413474      vortanimout_         224 .datat step=         275
 Animation data dumped out at time   419.822857631743      vortanimout_         225 .datat step=         276
 Animation data dumped out at time   420.987010850012      vortanimout_         226 .datat step=         277
 Animation data dumped out at time   422.151164068282      vortanimout_         227 .datat step=         278
 Animation data dumped out at time   423.315317286551      vortanimout_         228 .datat step=         279
 Animation data dumped out at time   424.479470504820      vortanimout_         229 .datat step=         280
 Animation data dumped out at time   425.643623723090      vortanimout_         230 .datat step=         281
 Animation data dumped out at time   426.807776941359      vortanimout_         231 .datat step=         282
 Animation data dumped out at time   427.971930159628      vortanimout_         232 .datat step=         283
 Animation data dumped out at time   429.136083377898      vortanimout_         233 .datat step=         284
 Animation data dumped out at time   430.300236596167      vortanimout_         234 .datat step=         285
 Animation data dumped out at time   431.464389814436      vortanimout_         235 .datat step=         286
 Animation data dumped out at time   432.628543032706      vortanimout_         236 .datat step=         287
 Animation data dumped out at time   433.792696250975      vortanimout_         237 .datat step=         288
 Animation data dumped out at time   434.956849469245      vortanimout_         238 .datat step=         289
 Animation data dumped out at time   436.121002687514      vortanimout_         239 .datat step=         290
 Animation data dumped out at time   437.285155905783      vortanimout_         240 .datat step=         291
 Animation data dumped out at time   438.449309124053      vortanimout_         241 .datat step=         292
 Animation data dumped out at time   439.613462342322      vortanimout_         242 .datat step=         293
 Animation data dumped out at time   440.777615560591      vortanimout_         243 .datat step=         294
 Animation data dumped out at time   441.941768778861      vortanimout_         244 .datat step=         295
 Animation data dumped out at time   443.105921997130      vortanimout_         245 .datat step=         296
 Animation data dumped out at time   444.270075215399      vortanimout_         246 .datat step=         297
 Animation data dumped out at time   445.434228433669      vortanimout_         247 .datat step=         298
 Animation data dumped out at time   446.598381651938      vortanimout_         248 .datat step=         299
 Animation data dumped out at time   447.762534870207      vortanimout_         249 .datat step=         300
 Animation data dumped out at time   448.926688088477      vortanimout_         250 .datat step=         301
 Animation data dumped out at time   450.090841306746      vortanimout_         251 .datat step=         302
 Animation data dumped out at time   451.254994525015      vortanimout_         252 .datat step=         303
 Animation data dumped out at time   452.419147743285      vortanimout_         253 .datat step=         304
 Animation data dumped out at time   453.583300961554      vortanimout_         254 .datat step=         305
 Animation data dumped out at time   454.747454179823      vortanimout_         255 .datat step=         306
 Animation data dumped out at time   455.911607398093      vortanimout_         256 .datat step=         307
 Animation data dumped out at time   457.075760616362      vortanimout_         257 .datat step=         308
 Animation data dumped out at time   458.239913834631      vortanimout_         258 .datat step=         309
 Animation data dumped out at time   459.404067052901      vortanimout_         259 .datat step=         310
 Animation data dumped out at time   460.568220271170      vortanimout_         260 .datat step=         311
 Animation data dumped out at time   461.732373489440      vortanimout_         261 .datat step=         312
 Animation data dumped out at time   462.896526707709      vortanimout_         262 .datat step=         313
 Animation data dumped out at time   464.060679925978      vortanimout_         263 .datat step=         314
 Animation data dumped out at time   465.224833144248      vortanimout_         264 .datat step=         315
 Animation data dumped out at time   466.388986362517      vortanimout_         265 .datat step=         316
 Animation data dumped out at time   467.553139580786      vortanimout_         266 .datat step=         317
 Animation data dumped out at time   468.717292799056      vortanimout_         267 .datat step=         318
 Animation data dumped out at time   469.881446017325      vortanimout_         268 .datat step=         319
 Animation data dumped out at time   471.045599235594      vortanimout_         269 .datat step=         320
 Animation data dumped out at time   472.209752453864      vortanimout_         270 .datat step=         321
 Animation data dumped out at time   473.373905672133      vortanimout_         271 .datat step=         322
 Animation data dumped out at time   474.538058890402      vortanimout_         272 .datat step=         323
 Animation data dumped out at time   475.702212108672      vortanimout_         273 .datat step=         324
 Animation data dumped out at time   476.866365326941      vortanimout_         274 .datat step=         325
 Animation data dumped out at time   478.030518545210      vortanimout_         275 .datat step=         326
 Animation data dumped out at time   479.194671763480      vortanimout_         276 .datat step=         327
 Animation data dumped out at time   480.358824981749      vortanimout_         277 .datat step=         328
 Animation data dumped out at time   481.522978200018      vortanimout_         278 .datat step=         329
 Animation data dumped out at time   482.687131418288      vortanimout_         279 .datat step=         330
 Animation data dumped out at time   483.851284636557      vortanimout_         280 .datat step=         331
 Animation data dumped out at time   485.015437854826      vortanimout_         281 .datat step=         332
 Animation data dumped out at time   486.179591073096      vortanimout_         282 .datat step=         333
 Animation data dumped out at time   487.343744291365      vortanimout_         283 .datat step=         334
 Animation data dumped out at time   488.507897509635      vortanimout_         284 .datat step=         335
 Animation data dumped out at time   489.672050727904      vortanimout_         285 .datat step=         336
 Animation data dumped out at time   490.836203946173      vortanimout_         286 .datat step=         337
 Animation data dumped out at time   492.000357164443      vortanimout_         287 .datat step=         338
 Animation data dumped out at time   493.164510382712      vortanimout_         288 .datat step=         339
 Animation data dumped out at time   494.328663600981      vortanimout_         289 .datat step=         340
 Animation data dumped out at time   495.492816819251      vortanimout_         290 .datat step=         341
 Animation data dumped out at time   496.656970037520      vortanimout_         291 .datat step=         342
 Animation data dumped out at time   497.821123255789      vortanimout_         292 .datat step=         343
 Animation data dumped out at time   498.985276474059      vortanimout_         293 .datat step=         344
 Animation data dumped out at time   500.149429692328      vortanimout_         294 .datat step=         345
 Animation data dumped out at time   501.313582910597      vortanimout_         295 .datat step=         346
 Animation data dumped out at time   502.477736128867      vortanimout_         296 .datat step=         347
 Animation data dumped out at time   503.641889347136      vortanimout_         297 .datat step=         348
 Animation data dumped out at time   504.806042565405      vortanimout_         298 .datat step=         349
 Animation data dumped out at time   505.970195783675      vortanimout_         299 .datat step=         350
 Animation data dumped out at time   507.134349001944      vortanimout_         300 .datat step=         351
 Animation data dumped out at time   508.298502220213      vortanimout_         301 .datat step=         352
 Animation data dumped out at time   509.462655438483      vortanimout_         302 .datat step=         353
 Animation data dumped out at time   510.626808656752      vortanimout_         303 .datat step=         354
 Animation data dumped out at time   511.790961875021      vortanimout_         304 .datat step=         355
 Animation data dumped out at time   512.955115093291      vortanimout_         305 .datat step=         356
 Animation data dumped out at time   514.119268311560      vortanimout_         306 .datat step=         357
 Animation data dumped out at time   515.283421529830      vortanimout_         307 .datat step=         358
 Animation data dumped out at time   517.146066679060      vortanimout_         308 .datat step=         360
 Animation data dumped out at time   519.008711828291      vortanimout_         309 .datat step=         362
 Animation data dumped out at time   520.871356977522      vortanimout_         310 .datat step=         364
 Animation data dumped out at time   522.734002126753      vortanimout_         311 .datat step=         366
 Animation data dumped out at time   524.596647275984      vortanimout_         312 .datat step=         368
 Animation data dumped out at time   526.459292425215      vortanimout_         313 .datat step=         370
 Animation data dumped out at time   528.321937574446      vortanimout_         314 .datat step=         372
 Animation data dumped out at time   530.184582723677      vortanimout_         315 .datat step=         374
 Animation data dumped out at time   532.047227872908      vortanimout_         316 .datat step=         376
 Animation data dumped out at time   533.909873022139      vortanimout_         317 .datat step=         378
 Animation data dumped out at time   535.772518171370      vortanimout_         318 .datat step=         380
 Animation data dumped out at time   537.635163320601      vortanimout_         319 .datat step=         382
 Animation data dumped out at time   539.497808469832      vortanimout_         320 .datat step=         384
 Animation data dumped out at time   541.360453619063      vortanimout_         321 .datat step=         386
 Animation data dumped out at time   543.223098768294      vortanimout_         322 .datat step=         388
 Animation data dumped out at time   545.085743917525      vortanimout_         323 .datat step=         390
 Animation data dumped out at time   546.948389066756      vortanimout_         324 .datat step=         392
 Animation data dumped out at time   548.811034215987      vortanimout_         325 .datat step=         394
 Animation data dumped out at time   550.673679365218      vortanimout_         326 .datat step=         396
 Animation data dumped out at time   552.536324514449      vortanimout_         327 .datat step=         398
 Animation data dumped out at time   554.398969663680      vortanimout_         328 .datat step=         400
